mode: set
dupclean/diskanalyzer/analyze.go:17.58,18.40 1 1
dupclean/diskanalyzer/analyze.go:18.40,20.3 1 1
dupclean/diskanalyzer/analyze.go:21.2,21.28 1 1
dupclean/diskanalyzer/analyze.go:25.55,32.36 2 1
dupclean/diskanalyzer/analyze.go:32.36,34.16 2 1
dupclean/diskanalyzer/analyze.go:34.16,36.4 1 0
dupclean/diskanalyzer/analyze.go:37.3,40.24 4 1
dupclean/diskanalyzer/analyze.go:44.2,45.31 2 1
dupclean/diskanalyzer/analyze.go:45.31,47.27 2 1
dupclean/diskanalyzer/analyze.go:47.27,49.4 1 1
dupclean/diskanalyzer/analyze.go:50.3,55.5 1 1
dupclean/diskanalyzer/analyze.go:59.2,59.49 1 1
dupclean/diskanalyzer/analyze.go:59.49,60.33 1 1
dupclean/diskanalyzer/analyze.go:60.33,62.4 1 1
dupclean/diskanalyzer/analyze.go:63.3,63.11 1 0
dupclean/diskanalyzer/analyze.go:66.2,66.14 1 1
dupclean/diskanalyzer/analyze.go:71.76,75.36 3 1
dupclean/diskanalyzer/analyze.go:75.36,76.52 1 1
dupclean/diskanalyzer/analyze.go:76.52,78.4 1 1
dupclean/diskanalyzer/analyze.go:81.2,81.12 1 1
dupclean/diskanalyzer/analyze.go:85.60,90.28 3 1
dupclean/diskanalyzer/analyze.go:90.28,92.39 2 1
dupclean/diskanalyzer/analyze.go:92.39,94.4 1 1
dupclean/diskanalyzer/analyze.go:96.2,99.47 2 1
dupclean/diskanalyzer/analyze.go:99.47,100.33 1 1
dupclean/diskanalyzer/analyze.go:100.33,102.4 1 1
dupclean/diskanalyzer/analyze.go:103.3,103.11 1 0
dupclean/diskanalyzer/analyze.go:106.2,106.18 1 1
dupclean/diskanalyzer/analyze.go:106.18,108.3 1 0
dupclean/diskanalyzer/analyze.go:109.2,109.12 1 1
dupclean/diskanalyzer/analyze.go:109.12,111.3 1 0
dupclean/diskanalyzer/analyze.go:112.2,112.16 1 1
dupclean/diskanalyzer/analyze.go:117.47,119.18 2 1
dupclean/diskanalyzer/analyze.go:119.18,122.3 2 1
dupclean/diskanalyzer/analyze.go:124.2,125.13 2 1
dupclean/diskanalyzer/export.go:10.60,14.2 3 1
dupclean/diskanalyzer/export.go:17.66,19.2 1 1
dupclean/diskanalyzer/export.go:22.67,25.2 2 1
dupclean/diskanalyzer/inode_unix.go:11.48,12.49 1 1
dupclean/diskanalyzer/inode_unix.go:12.49,14.3 1 1
dupclean/diskanalyzer/inode_unix.go:15.2,15.17 1 0
dupclean/diskanalyzer/model.go:36.42,42.2 1 1
dupclean/diskanalyzer/render_cli.go:18.57,19.21 1 1
dupclean/diskanalyzer/render_cli.go:19.21,21.3 1 1
dupclean/diskanalyzer/render_cli.go:24.2,28.17 4 1
dupclean/diskanalyzer/render_cli.go:28.17,31.3 2 1
dupclean/diskanalyzer/render_cli.go:33.2,33.19 1 1
dupclean/diskanalyzer/render_cli.go:33.19,36.3 2 1
dupclean/diskanalyzer/render_cli.go:38.2,38.24 1 1
dupclean/diskanalyzer/render_cli.go:38.24,41.3 2 0
dupclean/diskanalyzer/render_cli.go:44.2,44.58 1 1
dupclean/diskanalyzer/render_cli.go:48.74,49.22 1 1
dupclean/diskanalyzer/render_cli.go:49.22,51.3 1 1
dupclean/diskanalyzer/render_cli.go:53.2,62.31 3 1
dupclean/diskanalyzer/render_cli.go:62.31,68.3 1 0
dupclean/diskanalyzer/render_cli.go:70.2,70.34 1 1
dupclean/diskanalyzer/render_cli.go:70.34,76.3 1 1
dupclean/diskanalyzer/render_cli.go:79.2,79.39 1 1
dupclean/diskanalyzer/render_cli.go:79.39,80.42 1 1
dupclean/diskanalyzer/render_cli.go:80.42,81.43 1 1
dupclean/diskanalyzer/render_cli.go:81.43,83.5 1 0
dupclean/diskanalyzer/render_cli.go:88.2,88.32 1 1
dupclean/diskanalyzer/render_cli.go:88.32,89.48 1 1
dupclean/diskanalyzer/render_cli.go:89.48,92.9 3 0
dupclean/diskanalyzer/render_cli.go:95.3,97.20 3 1
dupclean/diskanalyzer/render_cli.go:97.20,99.4 1 1
dupclean/diskanalyzer/render_cli.go:101.3,102.17 2 1
dupclean/diskanalyzer/render_cli.go:102.17,104.4 1 1
dupclean/diskanalyzer/render_cli.go:106.3,114.17 2 1
dupclean/diskanalyzer/render_cli.go:114.17,115.36 1 1
dupclean/diskanalyzer/render_cli.go:115.36,116.28 1 1
dupclean/diskanalyzer/render_cli.go:116.28,118.11 2 1
dupclean/diskanalyzer/render_cli.go:126.52,132.26 4 1
dupclean/diskanalyzer/render_cli.go:132.26,134.3 1 0
dupclean/diskanalyzer/render_cli.go:138.43,144.26 4 1
dupclean/diskanalyzer/render_cli.go:144.26,148.3 2 0
dupclean/diskanalyzer/render_cli.go:152.70,155.21 2 1
dupclean/diskanalyzer/render_cli.go:155.21,158.3 2 1
dupclean/diskanalyzer/render_cli.go:160.2,163.26 3 1
dupclean/diskanalyzer/render_cli.go:163.26,164.14 1 1
dupclean/diskanalyzer/render_cli.go:164.14,166.9 2 0
dupclean/diskanalyzer/render_cli.go:168.3,168.69 1 1
dupclean/diskanalyzer/render_cli.go:173.52,175.15 2 1
dupclean/diskanalyzer/render_cli.go:175.15,177.3 1 1
dupclean/diskanalyzer/render_cli.go:178.2,178.16 1 1
dupclean/diskanalyzer/render_cli.go:178.16,180.3 1 0
dupclean/diskanalyzer/render_cli.go:181.2,181.20 1 1
dupclean/diskanalyzer/render_cli.go:181.20,183.3 1 0
dupclean/diskanalyzer/render_cli.go:185.2,186.12 2 1
dupclean/diskanalyzer/render_cli.go:190.33,198.9 2 1
dupclean/diskanalyzer/render_cli.go:199.15,200.57 1 0
dupclean/diskanalyzer/render_cli.go:201.15,202.57 1 1
dupclean/diskanalyzer/render_cli.go:203.15,204.57 1 1
dupclean/diskanalyzer/render_cli.go:205.15,206.57 1 1
dupclean/diskanalyzer/render_cli.go:207.10,208.33 1 1
dupclean/diskanalyzer/render_cli.go:213.45,216.2 1 1
dupclean/diskanalyzer/treemap.go:21.59,22.21 1 1
dupclean/diskanalyzer/treemap.go:22.21,24.3 1 1
dupclean/diskanalyzer/treemap.go:27.2,29.41 3 1
dupclean/diskanalyzer/treemap.go:29.41,31.3 1 1
dupclean/diskanalyzer/treemap.go:34.2,35.27 2 1
dupclean/diskanalyzer/treemap.go:35.27,37.3 1 1
dupclean/diskanalyzer/treemap.go:39.2,39.20 1 1
dupclean/diskanalyzer/treemap.go:39.20,41.3 1 0
dupclean/diskanalyzer/treemap.go:44.2,48.27 3 1
dupclean/diskanalyzer/treemap.go:48.27,50.3 1 1
dupclean/diskanalyzer/treemap.go:52.2,52.15 1 1
dupclean/diskanalyzer/treemap.go:56.78,57.21 1 1
dupclean/diskanalyzer/treemap.go:57.21,59.3 1 0
dupclean/diskanalyzer/treemap.go:61.2,66.66 4 1
dupclean/diskanalyzer/treemap.go:66.66,67.34 1 1
dupclean/diskanalyzer/treemap.go:67.34,69.4 1 1
dupclean/diskanalyzer/treemap.go:72.3,73.27 2 1
dupclean/diskanalyzer/treemap.go:73.27,76.4 2 1
dupclean/diskanalyzer/treemap.go:76.9,79.4 2 0
dupclean/diskanalyzer/treemap.go:81.3,81.31 1 1
dupclean/diskanalyzer/treemap.go:81.31,83.4 1 0
dupclean/diskanalyzer/treemap.go:86.3,88.28 3 1
dupclean/diskanalyzer/treemap.go:88.28,91.28 3 1
dupclean/diskanalyzer/treemap.go:91.28,94.5 2 1
dupclean/diskanalyzer/treemap.go:94.10,97.5 2 0
dupclean/diskanalyzer/treemap.go:99.4,100.21 2 1
dupclean/diskanalyzer/treemap.go:100.21,102.5 1 1
dupclean/diskanalyzer/treemap.go:105.3,105.15 1 1
dupclean/diskanalyzer/treemap.go:109.2,109.79 1 1
dupclean/diskanalyzer/treemap.go:109.79,110.20 1 1
dupclean/diskanalyzer/treemap.go:110.20,112.4 1 0
dupclean/diskanalyzer/treemap.go:114.3,117.27 3 1
dupclean/diskanalyzer/treemap.go:117.27,122.29 3 1
dupclean/diskanalyzer/treemap.go:122.29,134.5 3 1
dupclean/diskanalyzer/treemap.go:135.9,140.29 3 0
dupclean/diskanalyzer/treemap.go:140.29,152.5 3 0
dupclean/diskanalyzer/treemap.go:155.3,155.20 1 1
dupclean/diskanalyzer/treemap.go:159.2,162.30 3 1
dupclean/diskanalyzer/treemap.go:162.30,171.54 6 1
dupclean/diskanalyzer/treemap.go:171.54,177.46 3 0
dupclean/diskanalyzer/treemap.go:177.46,181.5 3 0
dupclean/diskanalyzer/treemap.go:181.10,185.5 3 0
dupclean/diskanalyzer/treemap.go:188.4,189.22 2 0
dupclean/diskanalyzer/treemap.go:190.9,195.4 3 1
dupclean/diskanalyzer/treemap.go:199.2,199.25 1 1
dupclean/diskanalyzer/treemap.go:199.25,202.3 2 1
dupclean/diskanalyzer/treemap.go:204.2,204.13 1 1
dupclean/diskanalyzer/treemap.go:209.75,210.18 1 1
dupclean/diskanalyzer/treemap.go:210.18,212.3 1 0
dupclean/diskanalyzer/treemap.go:215.2,216.38 2 1
dupclean/diskanalyzer/treemap.go:216.38,217.26 1 1
dupclean/diskanalyzer/treemap.go:217.26,219.4 1 1
dupclean/diskanalyzer/treemap.go:222.2,225.18 2 1
dupclean/diskanalyzer/treemap.go:225.18,226.34 1 1
dupclean/diskanalyzer/treemap.go:226.34,235.48 7 1
dupclean/diskanalyzer/treemap.go:235.48,238.5 2 1
dupclean/diskanalyzer/treemap.go:242.2,242.16 1 1
dupclean/diskanalyzer/treemap.go:246.46,259.2 3 1
dupclean/diskanalyzer/walker.go:26.35,35.2 1 1
dupclean/diskanalyzer/walker.go:48.76,49.27 1 1
dupclean/diskanalyzer/walker.go:49.27,51.3 1 1
dupclean/diskanalyzer/walker.go:53.2,58.16 4 1
dupclean/diskanalyzer/walker.go:58.16,60.3 1 0
dupclean/diskanalyzer/walker.go:61.2,65.16 3 1
dupclean/diskanalyzer/walker.go:65.16,67.3 1 0
dupclean/diskanalyzer/walker.go:70.2,74.50 3 1
dupclean/diskanalyzer/walker.go:74.50,76.3 1 1
dupclean/diskanalyzer/walker.go:78.2,82.28 3 1
dupclean/diskanalyzer/walker.go:82.28,84.16 2 1
dupclean/diskanalyzer/walker.go:84.16,86.4 1 0
dupclean/diskanalyzer/walker.go:87.3,87.38 1 1
dupclean/diskanalyzer/walker.go:90.2,90.32 1 1
dupclean/diskanalyzer/walker.go:94.76,110.40 9 1
dupclean/diskanalyzer/walker.go:110.40,112.13 2 1
dupclean/diskanalyzer/walker.go:112.13,114.25 2 1
dupclean/diskanalyzer/walker.go:114.25,116.19 2 1
dupclean/diskanalyzer/walker.go:116.19,118.14 2 0
dupclean/diskanalyzer/walker.go:122.5,122.64 1 1
dupclean/diskanalyzer/walker.go:122.64,123.14 1 0
dupclean/diskanalyzer/walker.go:127.5,127.40 1 1
dupclean/diskanalyzer/walker.go:127.40,129.47 2 1
dupclean/diskanalyzer/walker.go:129.47,131.15 2 0
dupclean/diskanalyzer/walker.go:133.6,134.22 2 1
dupclean/diskanalyzer/walker.go:138.5,138.67 1 1
dupclean/diskanalyzer/walker.go:138.67,139.14 1 1
dupclean/diskanalyzer/walker.go:143.5,143.35 1 1
dupclean/diskanalyzer/walker.go:143.35,144.14 1 1
dupclean/diskanalyzer/walker.go:148.5,149.47 2 1
dupclean/diskanalyzer/walker.go:149.47,150.69 1 0
dupclean/diskanalyzer/walker.go:150.69,152.12 2 0
dupclean/diskanalyzer/walker.go:155.5,155.17 1 1
dupclean/diskanalyzer/walker.go:155.17,156.14 1 0
dupclean/diskanalyzer/walker.go:159.5,167.6 1 1
dupclean/diskanalyzer/walker.go:173.2,173.12 1 1
dupclean/diskanalyzer/walker.go:173.12,175.86 2 1
dupclean/diskanalyzer/walker.go:175.86,176.18 1 1
dupclean/diskanalyzer/walker.go:176.18,179.5 1 0
dupclean/diskanalyzer/walker.go:182.4,182.65 1 1
dupclean/diskanalyzer/walker.go:182.65,183.18 1 0
dupclean/diskanalyzer/walker.go:183.18,185.6 1 0
dupclean/diskanalyzer/walker.go:186.5,186.15 1 0
dupclean/diskanalyzer/walker.go:190.4,190.76 1 1
dupclean/diskanalyzer/walker.go:190.76,192.5 1 0
dupclean/diskanalyzer/walker.go:195.4,195.60 1 1
dupclean/diskanalyzer/walker.go:195.60,197.5 1 0
dupclean/diskanalyzer/walker.go:199.4,199.18 1 1
dupclean/diskanalyzer/walker.go:199.18,201.5 1 1
dupclean/diskanalyzer/walker.go:202.4,202.14 1 1
dupclean/diskanalyzer/walker.go:203.18,205.4 1 0
dupclean/diskanalyzer/walker.go:206.3,206.15 1 1
dupclean/diskanalyzer/walker.go:210.2,210.12 1 1
dupclean/diskanalyzer/walker.go:210.12,213.3 2 1
dupclean/diskanalyzer/walker.go:216.2,216.25 1 1
dupclean/diskanalyzer/walker.go:216.25,217.19 1 1
dupclean/diskanalyzer/walker.go:217.19,219.4 1 0
dupclean/diskanalyzer/walker.go:219.9,223.4 3 1
dupclean/diskanalyzer/walker.go:226.2,226.29 1 1
dupclean/diskanalyzer/walker.go:230.72,233.28 2 1
dupclean/diskanalyzer/walker.go:233.28,236.3 2 1
dupclean/diskanalyzer/walker.go:239.2,240.28 2 1
dupclean/diskanalyzer/walker.go:240.28,243.64 2 1
dupclean/diskanalyzer/walker.go:243.64,245.4 1 1
dupclean/diskanalyzer/walker.go:249.2,250.24 2 1
dupclean/diskanalyzer/walker.go:250.24,256.3 1 1
dupclean/diskanalyzer/walker.go:259.2,259.35 1 1
dupclean/diskanalyzer/walker.go:259.35,260.33 1 1
dupclean/diskanalyzer/walker.go:260.33,262.4 1 1
dupclean/diskanalyzer/walker.go:266.2,267.17 2 1
dupclean/diskanalyzer/walker.go:267.17,274.3 2 1
dupclean/diskanalyzer/walker.go:276.2,276.31 1 1
dupclean/diskanalyzer/walker.go:276.31,277.22 1 1
dupclean/diskanalyzer/walker.go:277.22,278.12 1 1
dupclean/diskanalyzer/walker.go:280.3,281.41 2 1
dupclean/diskanalyzer/walker.go:281.41,284.4 2 1
dupclean/diskanalyzer/walker.go:287.2,287.18 1 1
dupclean/diskanalyzer/walker.go:291.28,292.17 1 1
dupclean/diskanalyzer/walker.go:292.17,294.3 1 0
dupclean/diskanalyzer/walker.go:295.2,295.38 1 1
dupclean/diskanalyzer/walker.go:295.38,298.3 2 1
dupclean/diskanalyzer/walker.go:299.2,299.31 1 1
dupclean/diskanalyzer/walker.go:299.31,301.3 1 1
dupclean/diskanalyzer/walker.go:305.32,307.2 1 1
